


ARM Macro Assembler    Page 1 


    1 00000000                 AREA             RESET, DATA, READONLY
    2 00000000                 EXPORT           __Vectors
    3 00000000         __Vectors
    4 00000000 10001000        DCD              0x10001000
    5 00000004 00000000        DCD              Reset_Handler
    6 00000008         
    7 00000008                 ALIGN
    8 00000008                 AREA             mycode, CODE, READONLY
    9 00000000                 ENTRY
   10 00000000                 EXPORT           Reset_Handler
   11 00000000         Reset_Handler
   12 00000000 F04F 010A       LDR              R1,=0X0A
   13 00000004 F04F 0400       MOV              R4,#0
   14 00000008 F04F 0200       MOV              R2,#0
   15 0000000C 4B0F            LDR              R3,=NUM
   16 0000000E 6818            LDR              R0,[R3]
   17 00000010 F04F 010A       MOV              R1,#0X0A
   18 00000014         UP
   19 00000014 F000 F80C       BL               DIV
   20 00000018 EA44 0400 
                       UP3     ORR              R4,R0
   21 0000001C EA4F 1434       ROR              R4,#4
   22 00000020 4610            MOV              R0,R2
   23 00000022 4288            CMP              R0,R1
   24 00000024 D2F6            BCS              UP
   25 00000026 EA44 0402       ORR              R4, R2
   26 0000002A EA4F 5434       ROR              R4, #20
   27 0000002E E7FE    STOP    B                STOP
   28 00000030         
   29 00000030 4288    DIV     CMP              R0,R1
   30 00000032 D3F1            BCC              UP3
   31 00000034 F04F 0200       MOV              R2,#0
   32 00000038 EBA0 0001 
                       UP2     SUB              R0,R1
   33 0000003C F102 0201       ADD              R2,#01
   34 00000040 4281            CMP              R1,R0
   35 00000042 D3F9            BCC              UP2
   36 00000044 4770            BX               LR
   37 00000046         
   38 00000046 00 00 0000001F 
                       NUM     DCD              0X1F
   39 0000004C 00000000        AREA             mydata, DATA, READWRITE
   40 00000000 00000000 
                       DST     DCD              0
   41 00000004                 END
Command Line: --debug --xref --cpu=Cortex-M3 --apcs=interwork --depend=hexTobcd
.d -ohexTobcd.o -IC:\Keil\ARM\RV31\INC -IC:\Keil\ARM\CMSIS\Include -IC:\Keil\AR
M\Inc\NXP\LPC17xx --predefine="__EVAL SETA 1" --list=hexTobcd.lst hexTobcd.asm



ARM Macro Assembler    Page 1 Alphabetic symbol ordering
Relocatable symbols

RESET 00000000

Symbol: RESET
   Definitions
      At line 1 in file hexTobcd.asm
   Uses
      None
Comment: RESET unused
__Vectors 00000000

Symbol: __Vectors
   Definitions
      At line 3 in file hexTobcd.asm
   Uses
      At line 2 in file hexTobcd.asm
Comment: __Vectors used once
2 symbols



ARM Macro Assembler    Page 1 Alphabetic symbol ordering
Relocatable symbols

DIV 00000030

Symbol: DIV
   Definitions
      At line 29 in file hexTobcd.asm
   Uses
      At line 19 in file hexTobcd.asm
Comment: DIV used once
NUM 00000048

Symbol: NUM
   Definitions
      At line 38 in file hexTobcd.asm
   Uses
      At line 15 in file hexTobcd.asm
Comment: NUM used once
Reset_Handler 00000000

Symbol: Reset_Handler
   Definitions
      At line 11 in file hexTobcd.asm
   Uses
      At line 5 in file hexTobcd.asm
      At line 10 in file hexTobcd.asm

STOP 0000002E

Symbol: STOP
   Definitions
      At line 27 in file hexTobcd.asm
   Uses
      At line 27 in file hexTobcd.asm
Comment: STOP used once
UP 00000014

Symbol: UP
   Definitions
      At line 18 in file hexTobcd.asm
   Uses
      At line 24 in file hexTobcd.asm
Comment: UP used once
UP2 00000038

Symbol: UP2
   Definitions
      At line 32 in file hexTobcd.asm
   Uses
      At line 35 in file hexTobcd.asm
Comment: UP2 used once
UP3 00000018

Symbol: UP3
   Definitions
      At line 20 in file hexTobcd.asm
   Uses
      At line 30 in file hexTobcd.asm
Comment: UP3 used once
mycode 00000000




ARM Macro Assembler    Page 2 Alphabetic symbol ordering
Relocatable symbols

Symbol: mycode
   Definitions
      At line 8 in file hexTobcd.asm
   Uses
      None
Comment: mycode unused
8 symbols



ARM Macro Assembler    Page 1 Alphabetic symbol ordering
Relocatable symbols

DST 00000000

Symbol: DST
   Definitions
      At line 40 in file hexTobcd.asm
   Uses
      None
Comment: DST unused
mydata 00000000

Symbol: mydata
   Definitions
      At line 39 in file hexTobcd.asm
   Uses
      None
Comment: mydata unused
2 symbols
345 symbols in table
