


ARM Macro Assembler    Page 1 


    1 00000000                 AREA             RESET, DATA, READONLY
    2 00000000                 EXPORT           __Vectors
    3 00000000         __Vectors
    4 00000000 10001000        DCD              0x10001000
    5 00000004 00000000        DCD              Reset_Handler
    6 00000008         
    7 00000008                 ALIGN
    8 00000008                 AREA             mycode, CODE, READONLY
    9 00000000                 ENTRY
   10 00000000                 EXPORT           Reset_Handler
   11 00000000         Reset_Handler
   12 00000000 4810            LDR              R0,=NUM1
   13 00000002 F04F 0108       LDR              R1,=0X08
   14 00000006         
   15 00000006         HERE
   16 00000006 EA4F 1202       LSL              R2,#4
   17 0000000A 6803            LDR              R3,[R0]
   18 0000000C EA42 0203       ORR              R2,R3
   19 00000010 F100 0004       ADD              R0,#4
   20 00000014 3901            SUBS             R1,#1
   21 00000016 D1F6            BNE              HERE
   22 00000018 E7FE    STOP    B                STOP
   23 0000001A 00 00 00000001 
                       NUM1    DCD              0X1
   24 00000020 00000002 
                       NUM2    DCD              0X2
   25 00000024 00000003 
                       NUM3    DCD              0X3
   26 00000028 00000004 
                       NUM4    DCD              0X4
   27 0000002C 00000005 
                       NUM5    DCD              0X5
   28 00000030 00000006 
                       NUM6    DCD              0X6
   29 00000034 00000007 
                       NUM7    DCD              0X7
   30 00000038 00000008 
                       NUM8    DCD              0X8
   31 0000003C 00000009 
                       NUM9    DCD              0X9
   32 00000040 0000000A 
                       NUMA    DCD              0XA
   33 00000044 00000000        AREA             mydata, DATA, READWRITE
   34 00000000 00000000 
                       DST     DCD              0
   35 00000004                 END
Command Line: --debug --xref --cpu=Cortex-M3 --apcs=interwork --depend=Unpacked
ToPacked.d -oUnpackedToPacked.o -IC:\Keil\ARM\RV31\INC -IC:\Keil\ARM\CMSIS\Incl
ude -IC:\Keil\ARM\Inc\NXP\LPC17xx --predefine="__EVAL SETA 1" --list=UnpackedTo
Packed.lst UnpackedToPacked.ASM



ARM Macro Assembler    Page 1 Alphabetic symbol ordering
Relocatable symbols

RESET 00000000

Symbol: RESET
   Definitions
      At line 1 in file UnpackedToPacked.ASM
   Uses
      None
Comment: RESET unused
__Vectors 00000000

Symbol: __Vectors
   Definitions
      At line 3 in file UnpackedToPacked.ASM
   Uses
      At line 2 in file UnpackedToPacked.ASM
Comment: __Vectors used once
2 symbols



ARM Macro Assembler    Page 1 Alphabetic symbol ordering
Relocatable symbols

HERE 00000006

Symbol: HERE
   Definitions
      At line 15 in file UnpackedToPacked.ASM
   Uses
      At line 21 in file UnpackedToPacked.ASM
Comment: HERE used once
NUM1 0000001C

Symbol: NUM1
   Definitions
      At line 23 in file UnpackedToPacked.ASM
   Uses
      At line 12 in file UnpackedToPacked.ASM
Comment: NUM1 used once
NUM2 00000020

Symbol: NUM2
   Definitions
      At line 24 in file UnpackedToPacked.ASM
   Uses
      None
Comment: NUM2 unused
NUM3 00000024

Symbol: NUM3
   Definitions
      At line 25 in file UnpackedToPacked.ASM
   Uses
      None
Comment: NUM3 unused
NUM4 00000028

Symbol: NUM4
   Definitions
      At line 26 in file UnpackedToPacked.ASM
   Uses
      None
Comment: NUM4 unused
NUM5 0000002C

Symbol: NUM5
   Definitions
      At line 27 in file UnpackedToPacked.ASM
   Uses
      None
Comment: NUM5 unused
NUM6 00000030

Symbol: NUM6
   Definitions
      At line 28 in file UnpackedToPacked.ASM
   Uses
      None
Comment: NUM6 unused
NUM7 00000034

Symbol: NUM7



ARM Macro Assembler    Page 2 Alphabetic symbol ordering
Relocatable symbols

   Definitions
      At line 29 in file UnpackedToPacked.ASM
   Uses
      None
Comment: NUM7 unused
NUM8 00000038

Symbol: NUM8
   Definitions
      At line 30 in file UnpackedToPacked.ASM
   Uses
      None
Comment: NUM8 unused
NUM9 0000003C

Symbol: NUM9
   Definitions
      At line 31 in file UnpackedToPacked.ASM
   Uses
      None
Comment: NUM9 unused
NUMA 00000040

Symbol: NUMA
   Definitions
      At line 32 in file UnpackedToPacked.ASM
   Uses
      None
Comment: NUMA unused
Reset_Handler 00000000

Symbol: Reset_Handler
   Definitions
      At line 11 in file UnpackedToPacked.ASM
   Uses
      At line 5 in file UnpackedToPacked.ASM
      At line 10 in file UnpackedToPacked.ASM

STOP 00000018

Symbol: STOP
   Definitions
      At line 22 in file UnpackedToPacked.ASM
   Uses
      At line 22 in file UnpackedToPacked.ASM
Comment: STOP used once
mycode 00000000

Symbol: mycode
   Definitions
      At line 8 in file UnpackedToPacked.ASM
   Uses
      None
Comment: mycode unused
14 symbols



ARM Macro Assembler    Page 1 Alphabetic symbol ordering
Relocatable symbols

DST 00000000

Symbol: DST
   Definitions
      At line 34 in file UnpackedToPacked.ASM
   Uses
      None
Comment: DST unused
mydata 00000000

Symbol: mydata
   Definitions
      At line 33 in file UnpackedToPacked.ASM
   Uses
      None
Comment: mydata unused
2 symbols
351 symbols in table
